
#.......####.......#
.....#...##...#.....
....*#...##...#*....
...###...##...###...
.......@............
#####.###..###.#####
[..%#..........#O..]
....#.########.#....
......#@.%O..#...@..
..###.#......#.###..
....#.###..###.#....
....#....P.....#%...
..###.###..###.###..
[.......#..#.......]
........#..#.......#
....#..O#..#...#....
....#.###..###.#....
...*#..........#*...
#.###..........###.#
.......@.##.........
     Score 000      
*** Move-U ***

#.......####.......#
.....#...##...#.....
....*#...##...#*....
...###...##...###...
.......@............
#####.###..###.#####
[..%#..........#O..]
....#.########.#....
......#@.%O..#...@..
..###.#......#.###..
....#.###P.###.#....
....#.... .....#%...
..###.###..###.###..
[.......#..#.......]
........#..#.......#
....#..O#..#...#....
....#.###..###.#....
...*#..........#*...
#.###..........###.#
.......@.##.........
     Score 001      
*** Move-U ***

#.......####.......#
.....#...##...#.....
....*#...##...#*....
...###...##...###...
.......@............
#####.###..###.#####
[..%#..........#O..]
....#.########.#....
......#@.%O..#...@..
..###.#..P...#.###..
....#.### .###.#....
....#.... .....#%...
..###.###..###.###..
[.......#..#.......]
........#..#.......#
....#..O#..#...#....
....#.###..###.#....
...*#..........#*...
#.###..........###.#
.......@.##.........
     Score 002      
*** Move-U ***

#.......####.......#
.....#...##...#.....
....*#...##...#*....
...###...##...###...
.......@............
#####.###..###.#####
[..%#..........#O..]
....#.########.#....
......#@.PO..#...@..
..###.#.. ...#.###..
....#.### .###.#....
....#.... .....#%...
..###.###..###.###..
[.......#..#.......]
........#..#.......#
....#..O#..#...#....
....#.###..###.#....
...*#..........#*...
#.###..........###.#
.......@.##.........
     Score 027      
*** Move-R ***

#.......####.......#
.....#...##...#.....
....*#...##...#*....
...###...##...###...
.......@............
#####.###..###.#####
[..%#..........#O..]
....#.########.#....
......#@. P..#...@..
..###.#.. ...#.###..
....#.### .###.#....
....#.... .....#%...
..###.###..###.###..
[.......#..#.......]
........#..#.......#
....#..O#..#...#....
....#.###..###.#....
...*#..........#*...
#.###..........###.#
.......@.##.........
     Score 077      
*** Move-R ***

#.......####.......#
.....#...##...#.....
....*#...##...#*....
...###...##...###...
.......@............
#####.###..###.#####
[..%#..........#O..]
....#.########.#....
......#@.  P.#...@..
..###.#.. ...#.###..
....#.### .###.#....
....#.... .....#%...
..###.###..###.###..
[.......#..#.......]
........#..#.......#
....#..O#..#...#....
....#.###..###.#....
...*#..........#*...
#.###..........###.#
.......@.##.........
     Score 078      
*** Move-R ***

#.......####.......#
.....#...##...#.....
....*#...##...#*....
...###...##...###...
.......@............
#####.###..###.#####
[..%#..........#O..]
....#.########.#....
......#@.   P#...@..
..###.#.. ...#.###..
....#.### .###.#....
....#.... .....#%...
..###.###..###.###..
[.......#..#.......]
........#..#.......#
....#..O#..#...#....
....#.###..###.#....
...*#..........#*...
#.###..........###.#
.......@.##.........
     Score 079      
*** Move-R ***
*** Move-R ***
*** Move-L ***

#.......####.......#
.....#...##...#.....
....*#...##...#*....
...###...##...###...
.......@............
#####.###..###.#####
[..%#..........#O..]
....#.########.#....
......#@.  P #...@..
..###.#.. ...#.###..
....#.### .###.#....
....#.... .....#%...
..###.###..###.###..
[.......#..#.......]
........#..#.......#
....#..O#..#...#....
....#.###..###.#....
...*#..........#*...
#.###..........###.#
.......@.##.........
     Score 079      
*** Move-L ***

#.......####.......#
.....#...##...#.....
....*#...##...#*....
...###...##...###...
.......@............
#####.###..###.#####
[..%#..........#O..]
....#.########.#....
......#@. P  #...@..
..###.#.. ...#.###..
....#.### .###.#....
....#.... .....#%...
..###.###..###.###..
[.......#..#.......]
........#..#.......#
....#..O#..#...#....
....#.###..###.#....
...*#..........#*...
#.###..........###.#
.......@.##.........
     Score 079      
*** Move-L ***

#.......####.......#
.....#...##...#.....
....*#...##...#*....
...###...##...###...
.......@............
#####.###..###.#####
[..%#..........#O..]
....#.########.#....
......#@.P   #...@..
..###.#.. ...#.###..
....#.### .###.#....
....#.... .....#%...
..###.###..###.###..
[.......#..#.......]
........#..#.......#
....#..O#..#...#....
....#.###..###.#....
...*#..........#*...
#.###..........###.#
.......@.##.........
     Score 079      
*** Move-L ***

#.......####.......#
.....#...##...#.....
....*#...##...#*....
...###...##...###...
.......@............
#####.###..###.#####
[..%#..........#O..]
....#.########.#....
......#@P    #...@..
..###.#.. ...#.###..
....#.### .###.#....
....#.... .....#%...
..###.###..###.###..
[.......#..#.......]
........#..#.......#
....#..O#..#...#....
....#.###..###.#....
...*#..........#*...
#.###..........###.#
.......@.##.........
     Score 080      
*** Move-L ***
Encountered a Ghost at 07,08, GAME OVER


80 pts.
